<?xml version="1.0" encoding="UTF-8"?>
<!-- Generated by org.testng.reporters.JUnitReportReporter -->
<testsuite hostname="Amr" failures="0" tests="1" name="Test.NewTest" time="5.908" errors="0" timestamp="17 Apr 2021 20:42:59 GMT" skipped="0">
  <testcase classname="Test.NewTest" name="login" time="5.908"/>
</testsuite> <!-- Test.NewTest -->
