<?xml version="1.0" encoding="UTF-8"?>
<!-- Generated by org.testng.reporters.JUnitReportReporter -->
<testsuite hostname="Amr" failures="0" tests="1" name="Test.RegistrationTest" time="4.468" errors="0" timestamp="17 Apr 2021 22:12:50 GMT" skipped="0">
  <testcase classname="Test.RegistrationTest" name="registerTest" time="4.468"/>
</testsuite> <!-- Test.RegistrationTest -->
